<?xml version="1.0" encoding="UTF-8"?>
<testng-results skipped="0" failed="1" total="1" passed="0">
  <reporter-output>
  </reporter-output>
  <suite name="Whatsapp Regressions" duration-ms="13924" started-at="2018-09-07T18:51:10Z" finished-at="2018-09-07T18:51:24Z">
    <groups>
      <group name="cucumber">
        <method signature="AbstractTestNGCucumberTests.feature(cucumber.api.testng.CucumberFeatureWrapper)[pri:0, instance:com.whatsapptest.base.Runner@578486a3]" name="feature" class="cucumber.api.testng.AbstractTestNGCucumberTests"/>
      </group> <!-- cucumber -->
    </groups>
    <test name="Regressions" duration-ms="13924" started-at="2018-09-07T18:51:10Z" finished-at="2018-09-07T18:51:24Z">
      <class name="com.whatsapptest.base.BaseClass">
        <test-method status="PASS" signature="getDeviceDetails(org.testng.ITestContext)[pri:0, instance:com.whatsapptest.base.BaseClass@57855c9a]" name="getDeviceDetails" is-config="true" duration-ms="14" started-at="2018-09-08T00:21:10Z" finished-at="2018-09-08T00:21:10Z">
          <params>
            <param index="0">
              <value>
                <![CDATA[org.testng.TestRunner@32d2fa64]]>
              </value>
            </param>
          </params>
          <reporter-output>
          </reporter-output>
        </test-method> <!-- getDeviceDetails -->
        <test-method status="PASS" signature="setDriverManager()[pri:0, instance:com.whatsapptest.base.BaseClass@57855c9a]" name="setDriverManager" is-config="true" duration-ms="9545" started-at="2018-09-08T00:21:10Z" finished-at="2018-09-08T00:21:20Z">
          <reporter-output>
          </reporter-output>
        </test-method> <!-- setDriverManager -->
      </class> <!-- com.whatsapptest.base.BaseClass -->
      <class name="com.whatsapptest.base.Runner">
        <test-method status="PASS" signature="setUpClass()[pri:0, instance:com.whatsapptest.base.Runner@578486a3]" name="setUpClass" is-config="true" duration-ms="369" started-at="2018-09-08T00:21:20Z" finished-at="2018-09-08T00:21:20Z">
          <reporter-output>
          </reporter-output>
        </test-method> <!-- setUpClass -->
        <test-method status="FAIL" signature="feature(cucumber.api.testng.CucumberFeatureWrapper)[pri:0, instance:com.whatsapptest.base.Runner@578486a3]" name="feature" duration-ms="3781" started-at="2018-09-08T00:21:20Z" description="Runs Cucumber Feature" data-provider="features" finished-at="2018-09-08T00:21:24Z">
          <params>
            <param index="0">
              <value>
                <![CDATA[Verify search contact and send message]]>
              </value>
            </param>
          </params>
          <exception class="cucumber.runtime.CucumberException">
            <message>
              <![CDATA[java.lang.NullPointerException]]>
            </message>
            <full-stacktrace>
              <![CDATA[cucumber.runtime.CucumberException: java.lang.NullPointerException
	at cucumber.api.testng.TestNGCucumberRunner.runCucumber(TestNGCucumberRunner.java:69)
	at cucumber.api.testng.AbstractTestNGCucumberTests.feature(AbstractTestNGCucumberTests.java:21)
	at sun.reflect.NativeMethodAccessorImpl.invoke0(Native Method)
	at sun.reflect.NativeMethodAccessorImpl.invoke(NativeMethodAccessorImpl.java:62)
	at sun.reflect.DelegatingMethodAccessorImpl.invoke(DelegatingMethodAccessorImpl.java:43)
	at java.lang.reflect.Method.invoke(Method.java:498)
	at org.testng.internal.MethodInvocationHelper.invokeMethod(MethodInvocationHelper.java:80)
	at org.testng.internal.Invoker.invokeMethod(Invoker.java:714)
	at org.testng.internal.Invoker.invokeTestMethod(Invoker.java:901)
	at org.testng.internal.Invoker.invokeTestMethods(Invoker.java:1231)
	at org.testng.internal.TestMethodWorker.invokeTestMethods(TestMethodWorker.java:127)
	at org.testng.internal.TestMethodWorker.run(TestMethodWorker.java:111)
	at org.testng.TestRunner.privateRun(TestRunner.java:767)
	at org.testng.TestRunner.run(TestRunner.java:617)
	at org.testng.SuiteRunner.runTest(SuiteRunner.java:334)
	at org.testng.SuiteRunner.access$000(SuiteRunner.java:37)
	at org.testng.SuiteRunner$SuiteWorker.run(SuiteRunner.java:368)
	at org.testng.internal.thread.ThreadUtil$2.call(ThreadUtil.java:64)
	at java.util.concurrent.FutureTask.run(FutureTask.java:266)
	at java.util.concurrent.ThreadPoolExecutor.runWorker(ThreadPoolExecutor.java:1149)
	at java.util.concurrent.ThreadPoolExecutor$Worker.run(ThreadPoolExecutor.java:624)
	at java.lang.Thread.run(Thread.java:748)
Caused by: java.lang.NullPointerException
	at com.whatsapptest.base.BaseClass.getDeviceValue(BaseClass.java:132)
	at com.whatsapptest.Chats.VerifySearchContactAndSendMsg.searches_for(VerifySearchContactAndSendMsg.java:21)
	at ✽.When "User1" searches for "User2"(Chats/VerifySearchContactAndSendMsg.feature:8)
]]>
            </full-stacktrace>
          </exception> <!-- cucumber.runtime.CucumberException -->
          <reporter-output>
          </reporter-output>
        </test-method> <!-- feature -->
        <test-method status="PASS" signature="tearDownClass()[pri:0, instance:com.whatsapptest.base.Runner@578486a3]" name="tearDownClass" is-config="true" duration-ms="12" started-at="2018-09-08T00:21:24Z" finished-at="2018-09-08T00:21:24Z">
          <reporter-output>
          </reporter-output>
        </test-method> <!-- tearDownClass -->
      </class> <!-- com.whatsapptest.base.Runner -->
    </test> <!-- Regressions -->
  </suite> <!-- Whatsapp Regressions -->
</testng-results>
